POST DATA: Array
(
    [name] => luis
    [lastname] => d
    [phone] => 01123456788
    [email] => ldevesa@latcom.com
    [company] => Latcom
    [position] => dev
    [country] => Argentina
    [city] => Villa Martelli
    [message] => jok
    [recipients] => ldevesa@latcom.com
    [recaptcha-token] => 03AFcWeA53htZsPveDnfNpialygzp2X04_nSOLSWUGGaIA40mUMs4vZ0a6UgSieFt-lWd_K_K8qN_tHBZpDjhUWCZx-qnIpWdjxdq1Jg2Km3lYyEiQwO--EfldZ7uLApuf1P1VGJ7xUBCxoaj2sVHg9BkJsrqHdm1MKgnDYN49UecZgNzmqdcMaBSq28yxzRSBNTreUsOL5i065LsMrnd2skICCiq275Mt934TTbmWfoAMH-jIgFvCVe03LXt2WU8aJr0wIuy2X4GJA3YlyVOqa9eL9N9dcKiaHi9EgTAOGrpNiWwxNeJNxCH1lIoEUq9YnbFhdYmEhYu6IhPdbgnI1OG151ubWbctKA2TRJf30UB4OU5ujRQOT918P58TVoL9ABBmPlbFi4RvUGN9lWrFlgjtQ-U8wgpSJFxq5-Pwu3rxqP0qo8eMJq7v2kKitSvxXPwRsORsBcLfUiGEXil8WlElKk-VgBK4knrh9L4brH7MdU8FRGKhbX6X69SStccRiK_Of8x95ZlPtA7H_6bb1NymOqke9ubK3XsZxlyJxBwGGRtCQklxnFBHT7Wjz8u0L8pmpbFmkAQRLEmkI8NIHQZTbeWYuHcEW4V0x6FUCpKNCoThZkvsozN5E7cnulAGF0APivEOfTgANSfaS8o8M4DaKOTDaAHrSbnOADVHYRxQJiG0pD7Bq6Qsrbb9RH8uIujCGQ-kX4Ci4t032oglGN2mOQtKqLF-G6LcoeUEtJ9eiXYRjRpAbRsSYAXv8m5MXioqkNVuOY0iaG6yZSTTaXYA_ygBhkt_r8wiE_BZg5XIq205QkRM_Q2x0HnwvTBVNDHY8hDmL8lOcraCNqmz4ukrHuqhasA9fL7vHFxRXDq_K0b8lvKxbOOT4lZkC9hDAkNAiWkwalciJ1sxGzeUjwQVtC84tJqjGwKCjVpHUQlitHcsOs-z6wBiA-Fim_rWds981C4gmAp3CdwZ44Ooyr0_1DqBY13ZjTg3mhSV0utfHLsTAi2JiaaBSeXRs1j2c943568nXTuoB0SlR9ea7fN7BylrlZU70siRZ7COLn3Ik4cY3ByoKcuO17M5RmX7o62YWR38FZhTujxYAXulcUcGp3axvujQBRWOWU7ELLqj0D3gsraWkYKu6BAGcoM5SMPrqVqefhIh3yg47xx8PBBCeYJ_uiqr4GSkIAYD6PZSMlM2LobSiB4DSMmzg8XJzLGrU-OxO4y0ummkKq1d6fY0JsUOniuXCWFVWB_q9wl3zNNKwVkfFZ9Zq_ItU3T0-Hm2p03TJ0pP-vVwx8lIowvCJEjlKJ4NOk7AQPNGyzxIZ8oXudCAFmotFLhoRhBcVvrAGelNly70fxSqscVZqb85-LrfiTAq4VRQ6Y6GgOqDYPM2dmJHcS_UsNEdVoT4LhVNcbkT3AKvjFZclpE_Ie2iSex9kFw4fpJo3HjtDYiCcrp-EoHWiaXq335azaA_gbDHCTmGyuY_RHECqFqGSTRKb7xTnTo40zq-_1QdZ453DEKXhonn39tiMHFQk9p--IBkYaEy6fOUWNlKnqZmekTl93AsYhea4riwh6Jw-LUmgwy2WSVufMMqiYuWZNmgs1HnAD3LP26ukuVX2eGOQ0jT7XWSg8h_yolLkdqb37olVzR6Tak8qHivShC2gBaQljs7lSvn5BlKB_PNTYZE0ndFTrc_FQR5reDJbOADkGniP8qGT_zJGdhnHw65AeDaM7laQSqHnwBy8XcjPMQd_oU4uvaOgy5zXwykFlWYkc011jMnMFtgCic5oJA4hhXq-H8yl-wS9UvtYmXRyXgLFDJbLtiov7AUP2mkot9cZ-cep30iuRy5jlm8G955rhlLhPNhiawK3Swh3c2kT6jNYgnSlpbiJSFR1-K58vGON-HigCJPJ4UuBIdK1vUdbFdYUdCzpUVlBeQ9evM1ndV9_ZE8O5He_1cD2P205MpDZvvVOX5-EaMC7j7WEMWxiKkCIkYI3lvjPGAwm4yFdkPPcIduwy-Tf3W7vFYUe42-oUdKrmbxCjPAlx1pq4bcP_jhMMki7t5sPX4lRs_xnOd8wsQI2SdXZGIKeese5yltE4JKC1GprrPrl5HJWaz0APnIUdldxJEDn7yS_k6LMdyykIoTUdMHVULMZo69sU8N_onXIPFxXpE4YzspiHjJ5PgLhQpq7vT7fh9XLSz2O0UEN6gqZlsx0vdi4VsIxboQ0twKISApxzcuE7enHoImOJWhBUvPlzxCAAOj
)

reCAPTCHA Token: 03AFcWeA53htZsPveDnfNpialygzp2X04_nSOLSWUGGaIA40mUMs4vZ0a6UgSieFt-lWd_K_K8qN_tHBZpDjhUWCZx-qnIpWdjxdq1Jg2Km3lYyEiQwO--EfldZ7uLApuf1P1VGJ7xUBCxoaj2sVHg9BkJsrqHdm1MKgnDYN49UecZgNzmqdcMaBSq28yxzRSBNTreUsOL5i065LsMrnd2skICCiq275Mt934TTbmWfoAMH-jIgFvCVe03LXt2WU8aJr0wIuy2X4GJA3YlyVOqa9eL9N9dcKiaHi9EgTAOGrpNiWwxNeJNxCH1lIoEUq9YnbFhdYmEhYu6IhPdbgnI1OG151ubWbctKA2TRJf30UB4OU5ujRQOT918P58TVoL9ABBmPlbFi4RvUGN9lWrFlgjtQ-U8wgpSJFxq5-Pwu3rxqP0qo8eMJq7v2kKitSvxXPwRsORsBcLfUiGEXil8WlElKk-VgBK4knrh9L4brH7MdU8FRGKhbX6X69SStccRiK_Of8x95ZlPtA7H_6bb1NymOqke9ubK3XsZxlyJxBwGGRtCQklxnFBHT7Wjz8u0L8pmpbFmkAQRLEmkI8NIHQZTbeWYuHcEW4V0x6FUCpKNCoThZkvsozN5E7cnulAGF0APivEOfTgANSfaS8o8M4DaKOTDaAHrSbnOADVHYRxQJiG0pD7Bq6Qsrbb9RH8uIujCGQ-kX4Ci4t032oglGN2mOQtKqLF-G6LcoeUEtJ9eiXYRjRpAbRsSYAXv8m5MXioqkNVuOY0iaG6yZSTTaXYA_ygBhkt_r8wiE_BZg5XIq205QkRM_Q2x0HnwvTBVNDHY8hDmL8lOcraCNqmz4ukrHuqhasA9fL7vHFxRXDq_K0b8lvKxbOOT4lZkC9hDAkNAiWkwalciJ1sxGzeUjwQVtC84tJqjGwKCjVpHUQlitHcsOs-z6wBiA-Fim_rWds981C4gmAp3CdwZ44Ooyr0_1DqBY13ZjTg3mhSV0utfHLsTAi2JiaaBSeXRs1j2c943568nXTuoB0SlR9ea7fN7BylrlZU70siRZ7COLn3Ik4cY3ByoKcuO17M5RmX7o62YWR38FZhTujxYAXulcUcGp3axvujQBRWOWU7ELLqj0D3gsraWkYKu6BAGcoM5SMPrqVqefhIh3yg47xx8PBBCeYJ_uiqr4GSkIAYD6PZSMlM2LobSiB4DSMmzg8XJzLGrU-OxO4y0ummkKq1d6fY0JsUOniuXCWFVWB_q9wl3zNNKwVkfFZ9Zq_ItU3T0-Hm2p03TJ0pP-vVwx8lIowvCJEjlKJ4NOk7AQPNGyzxIZ8oXudCAFmotFLhoRhBcVvrAGelNly70fxSqscVZqb85-LrfiTAq4VRQ6Y6GgOqDYPM2dmJHcS_UsNEdVoT4LhVNcbkT3AKvjFZclpE_Ie2iSex9kFw4fpJo3HjtDYiCcrp-EoHWiaXq335azaA_gbDHCTmGyuY_RHECqFqGSTRKb7xTnTo40zq-_1QdZ453DEKXhonn39tiMHFQk9p--IBkYaEy6fOUWNlKnqZmekTl93AsYhea4riwh6Jw-LUmgwy2WSVufMMqiYuWZNmgs1HnAD3LP26ukuVX2eGOQ0jT7XWSg8h_yolLkdqb37olVzR6Tak8qHivShC2gBaQljs7lSvn5BlKB_PNTYZE0ndFTrc_FQR5reDJbOADkGniP8qGT_zJGdhnHw65AeDaM7laQSqHnwBy8XcjPMQd_oU4uvaOgy5zXwykFlWYkc011jMnMFtgCic5oJA4hhXq-H8yl-wS9UvtYmXRyXgLFDJbLtiov7AUP2mkot9cZ-cep30iuRy5jlm8G955rhlLhPNhiawK3Swh3c2kT6jNYgnSlpbiJSFR1-K58vGON-HigCJPJ4UuBIdK1vUdbFdYUdCzpUVlBeQ9evM1ndV9_ZE8O5He_1cD2P205MpDZvvVOX5-EaMC7j7WEMWxiKkCIkYI3lvjPGAwm4yFdkPPcIduwy-Tf3W7vFYUe42-oUdKrmbxCjPAlx1pq4bcP_jhMMki7t5sPX4lRs_xnOd8wsQI2SdXZGIKeese5yltE4JKC1GprrPrl5HJWaz0APnIUdldxJEDn7yS_k6LMdyykIoTUdMHVULMZo69sU8N_onXIPFxXpE4YzspiHjJ5PgLhQpq7vT7fh9XLSz2O0UEN6gqZlsx0vdi4VsIxboQ0twKISApxzcuE7enHoImOJWhBUvPlzxCAAOj
reCAPTCHA Response: {
  "success": false,
  "error-codes": [
    "invalid-input-response"
  ]
}
reCAPTCHA Data: Array
(
    [success] => 
    [error-codes] => Array
        (
            [0] => invalid-input-response
        )

)

